<?xml version="1.0" ?>
<!DOCTYPE coverage SYSTEM "http://cobertura.sourceforge.net/xml/coverage-04.dtd">
<coverage lines-valid="2389" lines-covered="2376" line-rate="0.9945999999999999" branches-valid="997" branches-covered="859" branch-rate="0.8615999999999999" timestamp="1650312965840" complexity="0" version="0.1">
  <sources>
    <source>/Users/ahmedgafsi/Desktop/LOG2990/ProjetOfficial/log2990-103/server</source>
  </sources>
  <packages>
    <package name="classes" line-rate="1" branch-rate="0.9398000000000001">
      <classes>
        <class name="classes-constants.ts" filename="app/classes/classes-constants.ts" line-rate="1" branch-rate="1">
          <methods>
            <method name="(anonymous_0)" hits="1" signature="()V">
              <lines>
                <line number="1" hits="1"/>
              </lines>
            </method>
          </methods>
          <lines>
            <line number="1" hits="1" branch="true" condition-coverage="100% (2/2)"/>
            <line number="2" hits="1" branch="false"/>
            <line number="3" hits="1" branch="false"/>
          </lines>
        </class>
        <class name="http.exception.ts" filename="app/classes/http.exception.ts" line-rate="1" branch-rate="1">
          <methods>
            <method name="(anonymous_0)" hits="1" signature="()V">
              <lines>
                <line number="4" hits="1"/>
              </lines>
            </method>
          </methods>
          <lines>
            <line number="1" hits="1" branch="false"/>
            <line number="3" hits="1" branch="false"/>
            <line number="4" hits="1" branch="true" condition-coverage="100% (1/1)"/>
            <line number="5" hits="1" branch="false"/>
            <line number="6" hits="1" branch="false"/>
          </lines>
        </class>
        <class name="player.ts" filename="app/classes/player.ts" line-rate="1" branch-rate="0.75">
          <methods>
            <method name="(anonymous_0)" hits="330" signature="()V">
              <lines>
                <line number="14" hits="330"/>
              </lines>
            </method>
            <method name="(anonymous_1)" hits="1" signature="()V">
              <lines>
                <line number="24" hits="1"/>
              </lines>
            </method>
            <method name="(anonymous_2)" hits="12" signature="()V">
              <lines>
                <line number="27" hits="12"/>
              </lines>
            </method>
          </methods>
          <lines>
            <line number="1" hits="1" branch="false"/>
            <line number="4" hits="1" branch="false"/>
            <line number="15" hits="330" branch="false"/>
            <line number="16" hits="330" branch="false"/>
            <line number="17" hits="330" branch="false"/>
            <line number="18" hits="330" branch="false"/>
            <line number="19" hits="330" branch="false"/>
            <line number="20" hits="330" branch="false"/>
            <line number="21" hits="330" branch="false"/>
            <line number="25" hits="1" branch="false"/>
            <line number="28" hits="12" branch="true" condition-coverage="50% (1/2)"/>
            <line number="29" hits="12" branch="true" condition-coverage="75% (3/4)"/>
            <line number="30" hits="12" branch="true" condition-coverage="83.33333333333334% (5/6)"/>
            <line number="31" hits="1" branch="true" condition-coverage="75% (6/8)"/>
          </lines>
        </class>
        <class name="rack.ts" filename="app/classes/rack.ts" line-rate="1" branch-rate="1">
          <methods>
            <method name="(anonymous_0)" hits="407" signature="()V">
              <lines>
                <line number="15" hits="407"/>
              </lines>
            </method>
            <method name="(anonymous_1)" hits="43" signature="()V">
              <lines>
                <line number="19" hits="43"/>
              </lines>
            </method>
            <method name="(anonymous_2)" hits="80" signature="()V">
              <lines>
                <line number="22" hits="80"/>
              </lines>
            </method>
            <method name="(anonymous_3)" hits="7" signature="()V">
              <lines>
                <line number="25" hits="7"/>
              </lines>
            </method>
            <method name="(anonymous_4)" hits="3" signature="()V">
              <lines>
                <line number="33" hits="3"/>
              </lines>
            </method>
            <method name="(anonymous_5)" hits="565" signature="()V">
              <lines>
                <line number="46" hits="565"/>
              </lines>
            </method>
            <method name="(anonymous_6)" hits="39" signature="()V">
              <lines>
                <line number="59" hits="39"/>
              </lines>
            </method>
            <method name="(anonymous_7)" hits="312" signature="()V">
              <lines>
                <line number="79" hits="312"/>
              </lines>
            </method>
            <method name="(anonymous_8)" hits="3" signature="()V">
              <lines>
                <line number="83" hits="3"/>
              </lines>
            </method>
            <method name="(anonymous_9)" hits="19" signature="()V">
              <lines>
                <line number="87" hits="19"/>
              </lines>
            </method>
            <method name="(anonymous_10)" hits="7" signature="()V">
              <lines>
                <line number="97" hits="7"/>
              </lines>
            </method>
            <method name="(anonymous_11)" hits="7" signature="()V">
              <lines>
                <line number="106" hits="7"/>
              </lines>
            </method>
            <method name="(anonymous_12)" hits="123" signature="()V">
              <lines>
                <line number="118" hits="123"/>
              </lines>
            </method>
            <method name="(anonymous_13)" hits="26" signature="()V">
              <lines>
                <line number="133" hits="26"/>
              </lines>
            </method>
            <method name="(anonymous_14)" hits="23" signature="()V">
              <lines>
                <line number="145" hits="23"/>
              </lines>
            </method>
            <method name="(anonymous_15)" hits="177" signature="()V">
              <lines>
                <line number="154" hits="177"/>
              </lines>
            </method>
            <method name="(anonymous_16)" hits="1093" signature="()V">
              <lines>
                <line number="157" hits="1093"/>
              </lines>
            </method>
          </methods>
          <lines>
            <line number="2" hits="1" branch="false"/>
            <line number="3" hits="1" branch="false"/>
            <line number="4" hits="1" branch="false"/>
            <line number="5" hits="1" branch="false"/>
            <line number="6" hits="1" branch="false"/>
            <line number="7" hits="1" branch="false"/>
            <line number="8" hits="1" branch="false"/>
            <line number="9" hits="1" branch="false"/>
            <line number="11" hits="1" branch="false"/>
            <line number="16" hits="407" branch="false"/>
            <line number="17" hits="407" branch="false"/>
            <line number="20" hits="43" branch="false"/>
            <line number="23" hits="80" branch="false"/>
            <line number="26" hits="7" branch="true" condition-coverage="100% (4/4)"/>
            <line number="27" hits="3" branch="false"/>
            <line number="29" hits="4" branch="false"/>
            <line number="30" hits="4" branch="false"/>
            <line number="31" hits="4" branch="false"/>
            <line number="34" hits="3" branch="true" condition-coverage="100% (4/4)"/>
            <line number="35" hits="1" branch="false"/>
            <line number="37" hits="2" branch="false"/>
            <line number="38" hits="2" branch="false"/>
            <line number="39" hits="4" branch="true" condition-coverage="100% (2/2)"/>
            <line number="40" hits="1" branch="false"/>
            <line number="41" hits="1" branch="false"/>
            <line number="44" hits="1" branch="false"/>
            <line number="47" hits="565" branch="true" condition-coverage="100% (4/4)"/>
            <line number="48" hits="412" branch="false"/>
            <line number="50" hits="153" branch="true" condition-coverage="100% (2/2)"/>
            <line number="51" hits="1" branch="false"/>
            <line number="53" hits="152" branch="false"/>
            <line number="54" hits="969" branch="false"/>
            <line number="56" hits="152" branch="false"/>
            <line number="60" hits="39" branch="true" condition-coverage="100% (4/4)"/>
            <line number="61" hits="2" branch="false"/>
            <line number="63" hits="37" branch="false"/>
            <line number="64" hits="37" branch="false"/>
            <line number="65" hits="37" branch="false"/>
            <line number="66" hits="37" branch="false"/>
            <line number="67" hits="121" branch="false"/>
            <line number="68" hits="121" branch="true" condition-coverage="100% (2/2)"/>
            <line number="69" hits="5" branch="false"/>
            <line number="71" hits="116" branch="false"/>
            <line number="73" hits="116" branch="false"/>
            <line number="75" hits="32" branch="false"/>
            <line number="76" hits="32" branch="false"/>
            <line number="80" hits="312" branch="false"/>
            <line number="84" hits="3" branch="false"/>
            <line number="89" hits="19" branch="false"/>
            <line number="90" hits="19" branch="false"/>
            <line number="92" hits="3" branch="false"/>
            <line number="94" hits="16" branch="false"/>
            <line number="98" hits="7" branch="false"/>
            <line number="99" hits="7" branch="false"/>
            <line number="101" hits="1" branch="false"/>
            <line number="103" hits="6" branch="false"/>
            <line number="107" hits="7" branch="false"/>
            <line number="108" hits="7" branch="false"/>
            <line number="109" hits="14" branch="false"/>
            <line number="110" hits="14" branch="true" condition-coverage="100% (2/2)"/>
            <line number="111" hits="7" branch="false"/>
            <line number="113" hits="7" branch="false"/>
            <line number="115" hits="7" branch="false"/>
            <line number="119" hits="123" branch="true" condition-coverage="100% (4/4)"/>
            <line number="120" hits="1" branch="false"/>
            <line number="122" hits="122" branch="true" condition-coverage="100% (4/4)"/>
            <line number="123" hits="1" branch="false"/>
            <line number="125" hits="121" branch="false"/>
            <line number="126" hits="121" branch="false"/>
            <line number="127" hits="407" branch="true" condition-coverage="100% (2/2)"/>
            <line number="128" hits="116" branch="false"/>
            <line number="131" hits="5" branch="false"/>
            <line number="134" hits="26" branch="false"/>
            <line number="135" hits="26" branch="true" condition-coverage="100% (2/2)"/>
            <line number="136" hits="3" branch="false"/>
            <line number="138" hits="23" branch="false"/>
            <line number="139" hits="23" branch="true" condition-coverage="100% (2/2)"/>
            <line number="140" hits="1" branch="false"/>
            <line number="142" hits="22" branch="false"/>
            <line number="146" hits="23" branch="true" condition-coverage="100% (4/4)"/>
            <line number="147" hits="1" branch="false"/>
            <line number="149" hits="22" branch="false"/>
            <line number="150" hits="61" branch="false"/>
            <line number="152" hits="22" branch="false"/>
            <line number="155" hits="177" branch="false"/>
            <line number="158" hits="1093" branch="true" condition-coverage="100% (4/4)"/>
            <line number="159" hits="2" branch="false"/>
            <line number="162" hits="1091" branch="false"/>
            <line number="163" hits="1091" branch="true" condition-coverage="100% (2/2)"/>
            <line number="165" hits="1" branch="false"/>
            <line number="167" hits="1090" branch="true" condition-coverage="100% (2/2)"/>
            <line number="168" hits="2" branch="false"/>
            <line number="170" hits="1088" branch="true" condition-coverage="100% (2/2)"/>
            <line number="171" hits="1" branch="false"/>
            <line number="173" hits="1087" branch="true" condition-coverage="100% (2/2)"/>
            <line number="174" hits="2" branch="false"/>
            <line number="176" hits="1085" branch="true" condition-coverage="100% (2/2)"/>
            <line number="177" hits="1" branch="false"/>
            <line number="179" hits="1084" branch="true" condition-coverage="100% (2/2)"/>
            <line number="180" hits="3" branch="false"/>
            <line number="182" hits="1081" branch="true" condition-coverage="100% (2/2)"/>
            <line number="183" hits="1" branch="false"/>
            <line number="185" hits="1080" branch="false"/>
          </lines>
        </class>
        <class name="randomiser.ts" filename="app/classes/randomiser.ts" line-rate="1" branch-rate="1">
          <methods>
            <method name="(anonymous_0)" hits="10" signature="()V">
              <lines>
                <line number="2" hits="10"/>
              </lines>
            </method>
            <method name="(anonymous_1)" hits="20" signature="()V">
              <lines>
                <line number="4" hits="20"/>
              </lines>
            </method>
            <method name="(anonymous_2)" hits="1197" signature="()V">
              <lines>
                <line number="13" hits="1197"/>
              </lines>
            </method>
          </methods>
          <lines>
            <line number="1" hits="1" branch="false"/>
            <line number="3" hits="10" branch="false"/>
            <line number="4" hits="20" branch="false"/>
            <line number="5" hits="10" branch="false"/>
            <line number="6" hits="30" branch="false"/>
            <line number="7" hits="30" branch="false"/>
            <line number="8" hits="910" branch="false"/>
            <line number="11" hits="10" branch="false"/>
            <line number="14" hits="1197" branch="false"/>
            <line number="15" hits="1197" branch="false"/>
          </lines>
        </class>
        <class name="socket-mock.ts" filename="app/classes/socket-mock.ts" line-rate="1" branch-rate="1">
          <methods>
            <method name="(anonymous_0)" hits="18" signature="()V">
              <lines>
                <line number="2" hits="18"/>
              </lines>
            </method>
            <method name="(anonymous_1)" hits="5" signature="()V">
              <lines>
                <line number="5" hits="5"/>
              </lines>
            </method>
            <method name="(anonymous_2)" hits="7" signature="()V">
              <lines>
                <line number="8" hits="7"/>
              </lines>
            </method>
            <method name="(anonymous_3)" hits="13" signature="()V">
              <lines>
                <line number="11" hits="13"/>
              </lines>
            </method>
            <method name="(anonymous_4)" hits="14" signature="()V">
              <lines>
                <line number="14" hits="14"/>
              </lines>
            </method>
          </methods>
          <lines>
            <line number="2" hits="1" branch="false"/>
            <line number="3" hits="18" branch="false"/>
            <line number="4" hits="18" branch="false"/>
            <line number="6" hits="5" branch="false"/>
            <line number="9" hits="7" branch="false"/>
            <line number="12" hits="13" branch="false"/>
            <line number="15" hits="14" branch="false"/>
          </lines>
        </class>
        <class name="timer.ts" filename="app/classes/timer.ts" line-rate="1" branch-rate="1">
          <methods>
            <method name="(anonymous_7)" hits="1" signature="()V">
              <lines>
                <line number="2" hits="1"/>
              </lines>
            </method>
            <method name="(anonymous_9)" hits="1" signature="()V">
              <lines>
                <line number="3" hits="1"/>
              </lines>
            </method>
            <method name="(anonymous_10)" hits="1" signature="()V">
              <lines>
                <line number="4" hits="1"/>
              </lines>
            </method>
          </methods>
          <lines>
            <line number="1" hits="1" branch="false"/>
            <line number="3" hits="1" branch="false"/>
            <line number="4" hits="1" branch="false"/>
            <line number="5" hits="1" branch="false"/>
            <line number="6" hits="1" branch="false"/>
          </lines>
        </class>
      </classes>
    </package>
    <package name="classes.board-model" line-rate="0.9914000000000001" branch-rate="0.8706">
      <classes>
        <class name="board-manipulator-2990.ts" filename="app/classes/board-model/board-manipulator-2990.ts" line-rate="1" branch-rate="0.8332999999999999">
          <methods>
            <method name="(anonymous_0)" hits="4" signature="()V">
              <lines>
                <line number="12" hits="4"/>
              </lines>
            </method>
            <method name="(anonymous_1)" hits="4" signature="()V">
              <lines>
                <line number="18" hits="4"/>
              </lines>
            </method>
            <method name="(anonymous_2)" hits="3" signature="()V">
              <lines>
                <line number="34" hits="3"/>
              </lines>
            </method>
          </methods>
          <lines>
            <line number="3" hits="1" branch="false"/>
            <line number="4" hits="1" branch="false"/>
            <line number="5" hits="1" branch="false"/>
            <line number="6" hits="1" branch="false"/>
            <line number="7" hits="1" branch="false"/>
            <line number="8" hits="1" branch="false"/>
            <line number="10" hits="1" branch="false"/>
            <line number="13" hits="4" branch="false"/>
            <line number="14" hits="4" branch="false"/>
            <line number="26" hits="4" branch="false"/>
            <line number="27" hits="4" branch="true" condition-coverage="100% (4/4)"/>
            <line number="28" hits="3" branch="true" condition-coverage="50% (1/2)"/>
            <line number="29" hits="3" branch="false"/>
            <line number="30" hits="3" branch="false"/>
            <line number="31" hits="3" branch="false"/>
            <line number="32" hits="3" branch="false"/>
            <line number="37" hits="3" branch="false"/>
            <line number="38" hits="3" branch="false"/>
            <line number="39" hits="3" branch="false"/>
            <line number="40" hits="3" branch="false"/>
            <line number="43" hits="3" branch="false"/>
            <line number="44" hits="3" branch="false"/>
            <line number="45" hits="3" branch="false"/>
            <line number="46" hits="3" branch="false"/>
            <line number="48" hits="3" branch="false"/>
            <line number="49" hits="12" branch="false"/>
            <line number="50" hits="12" branch="false"/>
            <line number="51" hits="12" branch="false"/>
          </lines>
        </class>
        <class name="board-nodes-iterator.ts" filename="app/classes/board-model/board-nodes-iterator.ts" line-rate="1" branch-rate="0.8">
          <methods>
            <method name="(anonymous_0)" hits="197" signature="()V">
              <lines>
                <line number="8" hits="197"/>
              </lines>
            </method>
            <method name="(anonymous_1)" hits="2" signature="()V">
              <lines>
                <line number="13" hits="2"/>
              </lines>
            </method>
            <method name="(anonymous_2)" hits="898" signature="()V">
              <lines>
                <line number="16" hits="898"/>
              </lines>
            </method>
            <method name="(anonymous_3)" hits="448" signature="()V">
              <lines>
                <line number="20" hits="448"/>
              </lines>
            </method>
          </methods>
          <lines>
            <line number="4" hits="1" branch="false"/>
            <line number="9" hits="197" branch="false"/>
            <line number="10" hits="197" branch="false"/>
            <line number="11" hits="197" branch="false"/>
            <line number="14" hits="2" branch="false"/>
            <line number="17" hits="898" branch="true" condition-coverage="100% (2/2)"/>
            <line number="18" hits="896" branch="false"/>
            <line number="21" hits="448" branch="true" condition-coverage="50% (1/2)"/>
            <line number="22" hits="448" branch="false"/>
            <line number="23" hits="448" branch="false"/>
          </lines>
        </class>
        <class name="board.manipulator.ts" filename="app/classes/board-model/board.manipulator.ts" line-rate="0.9865" branch-rate="0.9167000000000001">
          <methods>
            <method name="(anonymous_0)" hits="185" signature="()V">
              <lines>
                <line number="13" hits="185"/>
              </lines>
            </method>
            <method name="(anonymous_1)" hits="1" signature="()V">
              <lines>
                <line number="17" hits="1"/>
              </lines>
            </method>
            <method name="(anonymous_2)" hits="197" signature="()V">
              <lines>
                <line number="21" hits="197"/>
              </lines>
            </method>
            <method name="(anonymous_3)" hits="358" signature="()V">
              <lines>
                <line number="44" hits="358"/>
              </lines>
            </method>
            <method name="(anonymous_4)" hits="4" signature="()V">
              <lines>
                <line number="50" hits="4"/>
              </lines>
            </method>
            <method name="(anonymous_5)" hits="110" signature="()V">
              <lines>
                <line number="54" hits="110"/>
              </lines>
            </method>
            <method name="(anonymous_6)" hits="192" signature="()V">
              <lines>
                <line number="58" hits="192"/>
              </lines>
            </method>
            <method name="(anonymous_7)" hits="641" signature="()V">
              <lines>
                <line number="65" hits="641"/>
              </lines>
            </method>
            <method name="(anonymous_8)" hits="194" signature="()V">
              <lines>
                <line number="81" hits="194"/>
              </lines>
            </method>
            <method name="(anonymous_9)" hits="2" signature="()V">
              <lines>
                <line number="106" hits="2"/>
              </lines>
            </method>
            <method name="(anonymous_10)" hits="194" signature="()V">
              <lines>
                <line number="116" hits="194"/>
              </lines>
            </method>
          </methods>
          <lines>
            <line number="1" hits="1" branch="false"/>
            <line number="2" hits="1" branch="false"/>
            <line number="3" hits="1" branch="false"/>
            <line number="5" hits="1" branch="false"/>
            <line number="6" hits="1" branch="false"/>
            <line number="7" hits="1" branch="false"/>
            <line number="8" hits="1" branch="false"/>
            <line number="10" hits="1" branch="false"/>
            <line number="11" hits="1" branch="false"/>
            <line number="14" hits="185" branch="false"/>
            <line number="18" hits="1" branch="false"/>
            <line number="22" hits="197" branch="false"/>
            <line number="23" hits="197" branch="true" condition-coverage="100% (2/2)"/>
            <line number="24" hits="1" branch="false"/>
            <line number="27" hits="196" branch="false"/>
            <line number="28" hits="196" branch="true" condition-coverage="100% (2/2)"/>
            <line number="29" hits="2" branch="false"/>
            <line number="31" hits="194" branch="false"/>
            <line number="33" hits="196" branch="true" condition-coverage="100% (2/2)"/>
            <line number="34" hits="124" branch="false"/>
            <line number="35" hits="124" branch="false"/>
            <line number="37" hits="72" branch="true" condition-coverage="100% (2/2)"/>
            <line number="38" hits="57" branch="false"/>
            <line number="39" hits="57" branch="false"/>
            <line number="41" hits="72" branch="false"/>
            <line number="45" hits="358" branch="false"/>
            <line number="46" hits="358" branch="true" condition-coverage="100% (2/2)"/>
            <line number="47" hits="1" branch="false"/>
            <line number="51" hits="4" branch="false"/>
            <line number="55" hits="110" branch="false"/>
            <line number="59" hits="192" branch="false"/>
            <line number="60" hits="192" branch="true" condition-coverage="50% (1/2)"/>
            <line number="61" hits="192" branch="true" condition-coverage="100% (2/2)"/>
            <line number="62" hits="192" branch="false"/>
            <line number="66" hits="641" branch="false"/>
            <line number="68" hits="385" branch="true" condition-coverage="100% (2/2)"/>
            <line number="69" hits="383" branch="false"/>
            <line number="70" hits="383" branch="false"/>
            <line number="72" hits="2" branch="false"/>
            <line number="74" hits="256" branch="true" condition-coverage="100% (2/2)"/>
            <line number="75" hits="255" branch="false"/>
            <line number="76" hits="255" branch="false"/>
            <line number="78" hits="638" branch="false"/>
            <line number="88" hits="194" branch="false"/>
            <line number="89" hits="194" branch="false"/>
            <line number="91" hits="194" branch="true" condition-coverage="100% (2/2)"/>
            <line number="92" hits="18" branch="false"/>
            <line number="93" hits="18" branch="false"/>
            <line number="95" hits="176" branch="false"/>
            <line number="96" hits="176" branch="true" condition-coverage="100% (2/2)"/>
            <line number="97" hits="10" branch="false"/>
            <line number="98" hits="10" branch="false"/>
            <line number="101" hits="166" branch="false"/>
            <line number="102" hits="166" branch="true" condition-coverage="100% (2/2)"/>
            <line number="103" hits="166" branch="false"/>
            <line number="107" hits="2" branch="true" condition-coverage="100% (2/2)"/>
            <line number="108" hits="1" branch="false"/>
            <line number="110" hits="1" branch="false"/>
            <line number="111" hits="1" branch="false"/>
            <line number="112" hits="1" branch="true" condition-coverage="50% (1/2)"/>
            <line number="113" hits="0" branch="false"/>
            <line number="117" hits="194" branch="false"/>
            <line number="118" hits="194" branch="false"/>
            <line number="119" hits="194" branch="false"/>
            <line number="121" hits="194" branch="false"/>
            <line number="122" hits="739" branch="false"/>
            <line number="123" hits="739" branch="false"/>
            <line number="124" hits="641" branch="true" condition-coverage="100% (2/2)"/>
            <line number="125" hits="3" branch="false"/>
            <line number="127" hits="638" branch="false"/>
            <line number="131" hits="191" branch="true" condition-coverage="50% (1/2)"/>
            <line number="132" hits="191" branch="false"/>
            <line number="133" hits="191" branch="true" condition-coverage="100% (2/2)"/>
            <line number="134" hits="176" branch="false"/>
          </lines>
        </class>
        <class name="board.ts" filename="app/classes/board-model/board.ts" line-rate="0.9878" branch-rate="0.8">
          <methods>
            <method name="(anonymous_0)" hits="197" signature="()V">
              <lines>
                <line number="25" hits="197"/>
              </lines>
            </method>
            <method name="(anonymous_1)" hits="166" signature="()V">
              <lines>
                <line number="39" hits="166"/>
              </lines>
            </method>
            <method name="(anonymous_2)" hits="360" signature="()V">
              <lines>
                <line number="46" hits="360"/>
              </lines>
            </method>
            <method name="(anonymous_3)" hits="192" signature="()V">
              <lines>
                <line number="49" hits="192"/>
              </lines>
            </method>
            <method name="(anonymous_4)" hits="177" signature="()V">
              <lines>
                <line number="53" hits="177"/>
              </lines>
            </method>
            <method name="(anonymous_5)" hits="1" signature="()V">
              <lines>
                <line number="57" hits="1"/>
              </lines>
            </method>
            <method name="(anonymous_6)" hits="196" signature="()V">
              <lines>
                <line number="60" hits="196"/>
              </lines>
            </method>
            <method name="(anonymous_7)" hits="262" signature="()V">
              <lines>
                <line number="63" hits="262"/>
              </lines>
            </method>
            <method name="(anonymous_8)" hits="526" signature="()V">
              <lines>
                <line number="65" hits="526"/>
              </lines>
            </method>
            <method name="(anonymous_9)" hits="1" signature="()V">
              <lines>
                <line number="75" hits="1"/>
              </lines>
            </method>
            <method name="(anonymous_10)" hits="1" signature="()V">
              <lines>
                <line number="79" hits="1"/>
              </lines>
            </method>
            <method name="(anonymous_11)" hits="747" signature="()V">
              <lines>
                <line number="83" hits="747"/>
              </lines>
            </method>
            <method name="(anonymous_12)" hits="1391" signature="()V">
              <lines>
                <line number="98" hits="1391"/>
              </lines>
            </method>
            <method name="(anonymous_13)" hits="1390" signature="()V">
              <lines>
                <line number="101" hits="1390"/>
              </lines>
            </method>
            <method name="(anonymous_14)" hits="254" signature="()V">
              <lines>
                <line number="105" hits="254"/>
              </lines>
            </method>
            <method name="(anonymous_15)" hits="1320" signature="()V">
              <lines>
                <line number="106" hits="1320"/>
              </lines>
            </method>
            <method name="(anonymous_16)" hits="57" signature="()V">
              <lines>
                <line number="111" hits="57"/>
              </lines>
            </method>
            <method name="(anonymous_17)" hits="1391" signature="()V">
              <lines>
                <line number="114" hits="1391"/>
              </lines>
            </method>
            <method name="(anonymous_18)" hits="262" signature="()V">
              <lines>
                <line number="141" hits="262"/>
              </lines>
            </method>
            <method name="(anonymous_19)" hits="1991" signature="()V">
              <lines>
                <line number="142" hits="1991"/>
              </lines>
            </method>
          </methods>
          <lines>
            <line number="1" hits="1" branch="false"/>
            <line number="2" hits="1" branch="false"/>
            <line number="3" hits="1" branch="false"/>
            <line number="4" hits="1" branch="false"/>
            <line number="6" hits="1" branch="false"/>
            <line number="7" hits="1" branch="false"/>
            <line number="8" hits="1" branch="false"/>
            <line number="9" hits="1" branch="false"/>
            <line number="10" hits="1" branch="false"/>
            <line number="11" hits="1" branch="false"/>
            <line number="12" hits="1" branch="false"/>
            <line number="15" hits="1" branch="false"/>
            <line number="26" hits="197" branch="false"/>
            <line number="27" hits="197" branch="false"/>
            <line number="28" hits="197" branch="false"/>
            <line number="29" hits="197" branch="false"/>
            <line number="30" hits="197" branch="false"/>
            <line number="31" hits="197" branch="false"/>
            <line number="32" hits="44325" branch="false"/>
            <line number="34" hits="197" branch="false"/>
            <line number="35" hits="197" branch="false"/>
            <line number="36" hits="197" branch="false"/>
            <line number="37" hits="197" branch="false"/>
            <line number="40" hits="166" branch="true" condition-coverage="50% (1/2)"/>
            <line number="41" hits="166" branch="false"/>
            <line number="43" hits="166" branch="true" condition-coverage="50% (1/2)"/>
            <line number="44" hits="166" branch="false"/>
            <line number="47" hits="360" branch="false"/>
            <line number="50" hits="192" branch="false"/>
            <line number="54" hits="177" branch="true" condition-coverage="100% (2/2)"/>
            <line number="55" hits="61" branch="false"/>
            <line number="58" hits="1" branch="false"/>
            <line number="61" hits="196" branch="false"/>
            <line number="64" hits="262" branch="false"/>
            <line number="65" hits="262" branch="false"/>
            <line number="66" hits="526" branch="false"/>
            <line number="67" hits="526" branch="false"/>
            <line number="68" hits="526" branch="false"/>
            <line number="69" hits="526" branch="false"/>
            <line number="70" hits="526" branch="false"/>
            <line number="72" hits="262" branch="false"/>
            <line number="76" hits="1" branch="false"/>
            <line number="80" hits="1" branch="false"/>
            <line number="84" hits="747" branch="false"/>
            <line number="85" hits="747" branch="false"/>
            <line number="86" hits="747" branch="true" condition-coverage="100% (2/2)"/>
            <line number="87" hits="742" branch="false"/>
            <line number="88" hits="742" branch="true" condition-coverage="50% (1/2)"/>
            <line number="89" hits="742" branch="false"/>
            <line number="91" hits="747" branch="true" condition-coverage="100% (2/2)"/>
            <line number="92" hits="744" branch="false"/>
            <line number="93" hits="744" branch="true" condition-coverage="50% (1/2)"/>
            <line number="94" hits="744" branch="false"/>
            <line number="96" hits="747" branch="false"/>
            <line number="99" hits="1391" branch="false"/>
            <line number="102" hits="1390" branch="true" condition-coverage="100% (2/2)"/>
            <line number="103" hits="1388" branch="false"/>
            <line number="106" hits="254" branch="false"/>
            <line number="107" hits="1320" branch="false"/>
            <line number="109" hits="254" branch="false"/>
            <line number="112" hits="57" branch="false"/>
            <line number="115" hits="1391" branch="true" condition-coverage="100% (2/2)"/>
            <line number="116" hits="1390" branch="false"/>
            <line number="117" hits="1390" branch="false"/>
            <line number="119" hits="1390" branch="true" condition-coverage="100% (2/2)"/>
            <line number="120" hits="1388" branch="true" condition-coverage="100% (2/2)"/>
            <line number="121" hits="641" branch="false"/>
            <line number="122" hits="747" branch="true" condition-coverage="50% (1/2)"/>
            <line number="123" hits="0" branch="false"/>
            <line number="125" hits="747" branch="false"/>
            <line number="128" hits="747" branch="true" condition-coverage="100% (2/2)"/>
            <line number="129" hits="4" branch="false"/>
            <line number="130" hits="4" branch="false"/>
            <line number="131" hits="743" branch="false"/>
            <line number="133" hits="747" branch="false"/>
            <line number="134" hits="747" branch="false"/>
            <line number="135" hits="747" branch="true" condition-coverage="100% (2/2)"/>
            <line number="136" hits="1" branch="false"/>
            <line number="137" hits="1" branch="true" condition-coverage="50% (1/2)"/>
            <line number="139" hits="746" branch="false"/>
            <line number="142" hits="262" branch="false"/>
            <line number="143" hits="1991" branch="false"/>
          </lines>
        </class>
        <class name="constants.ts" filename="app/classes/board-model/constants.ts" line-rate="1" branch-rate="1">
          <methods>
            <method name="(anonymous_0)" hits="1" signature="()V">
              <lines>
                <line number="1" hits="1"/>
              </lines>
            </method>
            <method name="(anonymous_1)" hits="1" signature="()V">
              <lines>
                <line number="6" hits="1"/>
              </lines>
            </method>
            <method name="(anonymous_2)" hits="1" signature="()V">
              <lines>
                <line number="13" hits="1"/>
              </lines>
            </method>
            <method name="(anonymous_3)" hits="1" signature="()V">
              <lines>
                <line number="24" hits="1"/>
              </lines>
            </method>
          </methods>
          <lines>
            <line number="1" hits="1" branch="true" condition-coverage="100% (2/2)"/>
            <line number="2" hits="1" branch="false"/>
            <line number="3" hits="1" branch="false"/>
            <line number="6" hits="1" branch="true" condition-coverage="100% (2/2)"/>
            <line number="7" hits="1" branch="false"/>
            <line number="8" hits="1" branch="false"/>
            <line number="9" hits="1" branch="false"/>
            <line number="10" hits="1" branch="false"/>
            <line number="13" hits="1" branch="true" condition-coverage="100% (2/2)"/>
            <line number="15" hits="1" branch="false"/>
            <line number="16" hits="1" branch="false"/>
            <line number="17" hits="1" branch="false"/>
            <line number="18" hits="1" branch="false"/>
            <line number="21" hits="1" branch="false"/>
            <line number="24" hits="1" branch="true" condition-coverage="100% (2/2)"/>
            <line number="26" hits="1" branch="false"/>
            <line number="27" hits="1" branch="false"/>
            <line number="28" hits="1" branch="false"/>
            <line number="29" hits="1" branch="false"/>
            <line number="30" hits="1" branch="false"/>
            <line number="31" hits="1" branch="false"/>
            <line number="32" hits="1" branch="false"/>
            <line number="35" hits="1" branch="false"/>
            <line number="36" hits="1" branch="false"/>
            <line number="37" hits="1" branch="false"/>
            <line number="44" hits="1" branch="false"/>
            <line number="45" hits="1" branch="false"/>
            <line number="46" hits="1" branch="false"/>
            <line number="47" hits="1" branch="false"/>
            <line number="48" hits="1" branch="false"/>
            <line number="49" hits="1" branch="false"/>
            <line number="50" hits="1" branch="false"/>
            <line number="51" hits="1" branch="false"/>
            <line number="52" hits="1" branch="false"/>
            <line number="53" hits="1" branch="false"/>
            <line number="54" hits="1" branch="false"/>
            <line number="57" hits="1" branch="false"/>
            <line number="58" hits="1" branch="false"/>
            <line number="59" hits="1" branch="false"/>
          </lines>
        </class>
      </classes>
    </package>
    <package name="classes.board-model.calculators" line-rate="1" branch-rate="1">
      <classes>
        <class name="points-calculator.ts" filename="app/classes/board-model/calculators/points-calculator.ts" line-rate="1" branch-rate="1">
          <methods>
            <method name="(anonymous_0)" hits="166" signature="()V">
              <lines>
                <line number="7" hits="166"/>
              </lines>
            </method>
          </methods>
          <lines>
            <line number="2" hits="1" branch="false"/>
            <line number="4" hits="1" branch="false"/>
            <line number="6" hits="1" branch="false"/>
            <line number="8" hits="166" branch="false"/>
            <line number="9" hits="166" branch="false"/>
            <line number="10" hits="166" branch="false"/>
            <line number="11" hits="166" branch="false"/>
            <line number="13" hits="166" branch="false"/>
            <line number="14" hits="855" branch="false"/>
            <line number="15" hits="855" branch="false"/>
            <line number="16" hits="855" branch="false"/>
            <line number="17" hits="855" branch="true" condition-coverage="100% (4/4)"/>
            <line number="18" hits="759" branch="false"/>
            <line number="20" hits="166" branch="false"/>
          </lines>
        </class>
      </classes>
    </package>
    <package name="classes.board-model.handlers" line-rate="1" branch-rate="0.8835">
      <classes>
        <class name="board-reward-tracker.ts" filename="app/classes/board-model/handlers/board-reward-tracker.ts" line-rate="1" branch-rate="0.875">
          <methods>
            <method name="(anonymous_0)" hits="10" signature="()V">
              <lines>
                <line number="13" hits="10"/>
              </lines>
            </method>
            <method name="(anonymous_1)" hits="6" signature="()V">
              <lines>
                <line number="17" hits="6"/>
              </lines>
            </method>
            <method name="(anonymous_2)" hits="21" signature="()V">
              <lines>
                <line number="21" hits="21"/>
              </lines>
            </method>
            <method name="(anonymous_3)" hits="4" signature="()V">
              <lines>
                <line number="25" hits="4"/>
              </lines>
            </method>
            <method name="(anonymous_4)" hits="27" signature="()V">
              <lines>
                <line number="29" hits="27"/>
              </lines>
            </method>
            <method name="(anonymous_5)" hits="27" signature="()V">
              <lines>
                <line number="35" hits="27"/>
              </lines>
            </method>
            <method name="(anonymous_6)" hits="27" signature="()V">
              <lines>
                <line number="38" hits="27"/>
              </lines>
            </method>
            <method name="(anonymous_7)" hits="3" signature="()V">
              <lines>
                <line number="42" hits="3"/>
              </lines>
            </method>
            <method name="(anonymous_8)" hits="4" signature="()V">
              <lines>
                <line number="48" hits="4"/>
              </lines>
            </method>
            <method name="(anonymous_9)" hits="27" signature="()V">
              <lines>
                <line number="51" hits="27"/>
              </lines>
            </method>
            <method name="(anonymous_10)" hits="27" signature="()V">
              <lines>
                <line number="54" hits="27"/>
              </lines>
            </method>
            <method name="(anonymous_11)" hits="27" signature="()V">
              <lines>
                <line number="57" hits="27"/>
              </lines>
            </method>
          </methods>
          <lines>
            <line number="1" hits="1" branch="false"/>
            <line number="2" hits="1" branch="false"/>
            <line number="4" hits="1" branch="false"/>
            <line number="5" hits="1" branch="false"/>
            <line number="7" hits="1" branch="false"/>
            <line number="8" hits="1" branch="false"/>
            <line number="9" hits="1" branch="false"/>
            <line number="10" hits="1" branch="false"/>
            <line number="13" hits="1" branch="false"/>
            <line number="14" hits="10" branch="false"/>
            <line number="18" hits="6" branch="false"/>
            <line number="19" hits="6" branch="false"/>
            <line number="22" hits="21" branch="false"/>
            <line number="23" hits="21" branch="false"/>
            <line number="26" hits="4" branch="true" condition-coverage="100% (2/2)"/>
            <line number="27" hits="1" branch="false"/>
            <line number="30" hits="27" branch="true" condition-coverage="100% (2/2)"/>
            <line number="31" hits="27" branch="true" condition-coverage="100% (2/2)"/>
            <line number="32" hits="27" branch="true" condition-coverage="100% (2/2)"/>
            <line number="33" hits="27" branch="false"/>
            <line number="36" hits="27" branch="false"/>
            <line number="39" hits="27" branch="false"/>
            <line number="40" hits="27" branch="true" condition-coverage="100% (2/2)"/>
            <line number="41" hits="1" branch="false"/>
            <line number="42" hits="1" branch="false"/>
            <line number="43" hits="3" branch="true" condition-coverage="50% (1/2)"/>
            <line number="45" hits="1" branch="true" condition-coverage="50% (1/2)"/>
            <line number="46" hits="1" branch="false"/>
            <line number="49" hits="4" branch="false"/>
            <line number="52" hits="27" branch="false"/>
            <line number="55" hits="27" branch="true" condition-coverage="100% (2/2)"/>
            <line number="58" hits="27" branch="false"/>
            <line number="59" hits="27" branch="false"/>
          </lines>
        </class>
        <class name="direction-handler.ts" filename="app/classes/board-model/handlers/direction-handler.ts" line-rate="1" branch-rate="1">
          <methods>
            <method name="(anonymous_0)" hits="351" signature="()V">
              <lines>
                <line number="4" hits="351"/>
              </lines>
            </method>
            <method name="(anonymous_1)" hits="401" signature="()V">
              <lines>
                <line number="8" hits="401"/>
              </lines>
            </method>
            <method name="(anonymous_2)" hits="1614" signature="()V">
              <lines>
                <line number="13" hits="1614"/>
              </lines>
            </method>
          </methods>
          <lines>
            <line number="1" hits="1" branch="false"/>
            <line number="3" hits="1" branch="false"/>
            <line number="5" hits="351" branch="true" condition-coverage="100% (2/2)"/>
            <line number="6" hits="126" branch="false"/>
            <line number="9" hits="401" branch="true" condition-coverage="100% (2/2)"/>
            <line number="10" hits="138" branch="true" condition-coverage="100% (2/2)"/>
            <line number="11" hits="1" branch="false"/>
            <line number="14" hits="1614" branch="false"/>
            <line number="17" hits="806" branch="false"/>
            <line number="20" hits="808" branch="false"/>
          </lines>
        </class>
        <class name="index-iterator.ts" filename="app/classes/board-model/handlers/index-iterator.ts" line-rate="1" branch-rate="1">
          <methods>
            <method name="(anonymous_0)" hits="2" signature="()V">
              <lines>
                <line number="6" hits="2"/>
              </lines>
            </method>
            <method name="(anonymous_1)" hits="514" signature="()V">
              <lines>
                <line number="10" hits="514"/>
              </lines>
            </method>
            <method name="(anonymous_2)" hits="43771" signature="()V">
              <lines>
                <line number="14" hits="43771"/>
              </lines>
            </method>
            <method name="(anonymous_3)" hits="248675" signature="()V">
              <lines>
                <line number="15" hits="248675"/>
              </lines>
            </method>
            <method name="(anonymous_4)" hits="1" signature="()V">
              <lines>
                <line number="17" hits="1"/>
              </lines>
            </method>
            <method name="(anonymous_5)" hits="385" signature="()V">
              <lines>
                <line number="20" hits="385"/>
              </lines>
            </method>
          </methods>
          <lines>
            <line number="1" hits="1" branch="false"/>
            <line number="3" hits="1" branch="false"/>
            <line number="4" hits="1" branch="false"/>
            <line number="5" hits="1" branch="false"/>
            <line number="7" hits="2" branch="true" condition-coverage="100% (2/2)"/>
            <line number="8" hits="1" branch="false"/>
            <line number="11" hits="514" branch="true" condition-coverage="100% (2/2)"/>
            <line number="12" hits="512" branch="false"/>
            <line number="15" hits="248675" branch="false"/>
            <line number="18" hits="1" branch="false"/>
            <line number="21" hits="385" branch="false"/>
          </lines>
        </class>
        <class name="indexation.translator.ts" filename="app/classes/board-model/handlers/indexation.translator.ts" line-rate="1" branch-rate="0.9714">
          <methods>
            <method name="(anonymous_0)" hits="902" signature="()V">
              <lines>
                <line number="10" hits="902"/>
              </lines>
            </method>
            <method name="(anonymous_1)" hits="108" signature="()V">
              <lines>
                <line number="17" hits="108"/>
              </lines>
            </method>
            <method name="(anonymous_2)" hits="14421" signature="()V">
              <lines>
                <line number="25" hits="14421"/>
              </lines>
            </method>
            <method name="(anonymous_3)" hits="1758" signature="()V">
              <lines>
                <line number="30" hits="1758"/>
              </lines>
            </method>
            <method name="(anonymous_4)" hits="211" signature="()V">
              <lines>
                <line number="43" hits="211"/>
              </lines>
            </method>
            <method name="(anonymous_5)" hits="210" signature="()V">
              <lines>
                <line number="47" hits="210"/>
              </lines>
            </method>
            <method name="(anonymous_6)" hits="841" signature="()V">
              <lines>
                <line number="53" hits="841"/>
              </lines>
            </method>
            <method name="(anonymous_7)" hits="40" signature="()V">
              <lines>
                <line number="57" hits="40"/>
              </lines>
            </method>
            <method name="(anonymous_8)" hits="108" signature="()V">
              <lines>
                <line number="62" hits="108"/>
              </lines>
            </method>
            <method name="(anonymous_9)" hits="769" signature="()V">
              <lines>
                <line number="65" hits="769"/>
              </lines>
            </method>
            <method name="(anonymous_10)" hits="835" signature="()V">
              <lines>
                <line number="68" hits="835"/>
              </lines>
            </method>
            <method name="(anonymous_11)" hits="39" signature="()V">
              <lines>
                <line number="72" hits="39"/>
              </lines>
            </method>
            <method name="(anonymous_12)" hits="209" signature="()V">
              <lines>
                <line number="75" hits="209"/>
              </lines>
            </method>
            <method name="(anonymous_13)" hits="108" signature="()V">
              <lines>
                <line number="79" hits="108"/>
              </lines>
            </method>
            <method name="(anonymous_14)" hits="769" signature="()V">
              <lines>
                <line number="84" hits="769"/>
              </lines>
            </method>
            <method name="(anonymous_15)" hits="841" signature="()V">
              <lines>
                <line number="89" hits="841"/>
              </lines>
            </method>
            <method name="(anonymous_16)" hits="40" signature="()V">
              <lines>
                <line number="93" hits="40"/>
              </lines>
            </method>
          </methods>
          <lines>
            <line number="1" hits="1" branch="false"/>
            <line number="2" hits="1" branch="false"/>
            <line number="4" hits="1" branch="false"/>
            <line number="11" hits="902" branch="false"/>
            <line number="12" hits="902" branch="false"/>
            <line number="13" hits="902" branch="false"/>
            <line number="14" hits="902" branch="false"/>
            <line number="15" hits="902" branch="false"/>
            <line number="18" hits="108" branch="false"/>
            <line number="19" hits="108" branch="true" condition-coverage="100% (2/2)"/>
            <line number="20" hits="256" branch="false"/>
            <line number="21" hits="256" branch="false"/>
            <line number="23" hits="108" branch="false"/>
            <line number="26" hits="14421" branch="true" condition-coverage="100% (2/2)"/>
            <line number="27" hits="14418" branch="true" condition-coverage="100% (2/2)"/>
            <line number="28" hits="14416" branch="false"/>
            <line number="31" hits="1758" branch="false"/>
            <line number="33" hits="108" branch="false"/>
            <line number="35" hits="769" branch="false"/>
            <line number="37" hits="841" branch="false"/>
            <line number="39" hits="40" branch="false"/>
            <line number="44" hits="211" branch="true" condition-coverage="100% (4/4)"/>
            <line number="45" hits="209" branch="false"/>
            <line number="48" hits="210" branch="true" condition-coverage="75% (3/4)"/>
            <line number="49" hits="210" branch="false"/>
            <line number="50" hits="210" branch="true" condition-coverage="100% (2/2)"/>
            <line number="51" hits="209" branch="false"/>
            <line number="54" hits="841" branch="true" condition-coverage="100% (2/2)"/>
            <line number="55" hits="835" branch="false"/>
            <line number="58" hits="40" branch="true" condition-coverage="100% (2/2)"/>
            <line number="59" hits="39" branch="false"/>
            <line number="63" hits="108" branch="false"/>
            <line number="66" hits="769" branch="false"/>
            <line number="69" hits="835" branch="false"/>
            <line number="73" hits="39" branch="false"/>
            <line number="76" hits="209" branch="false"/>
            <line number="80" hits="108" branch="false"/>
            <line number="81" hits="108" branch="true" condition-coverage="100% (2/2)"/>
            <line number="82" hits="107" branch="false"/>
            <line number="85" hits="769" branch="false"/>
            <line number="86" hits="769" branch="true" condition-coverage="100% (2/2)"/>
            <line number="87" hits="765" branch="false"/>
            <line number="90" hits="841" branch="true" condition-coverage="100% (2/2)"/>
            <line number="91" hits="835" branch="false"/>
            <line number="94" hits="40" branch="true" condition-coverage="100% (2/2)"/>
            <line number="95" hits="39" branch="false"/>
          </lines>
        </class>
        <class name="special-cases-handler.ts" filename="app/classes/board-model/handlers/special-cases-handler.ts" line-rate="1" branch-rate="1">
          <methods>
            <method name="(anonymous_0)" hits="197" signature="()V">
              <lines>
                <line number="3" hits="197"/>
              </lines>
            </method>
            <method name="(anonymous_1)" hits="747" signature="()V">
              <lines>
                <line number="5" hits="747"/>
              </lines>
            </method>
            <method name="(anonymous_2)" hits="57" signature="()V">
              <lines>
                <line number="8" hits="57"/>
              </lines>
            </method>
            <method name="(anonymous_3)" hits="219" signature="()V">
              <lines>
                <line number="9" hits="219"/>
              </lines>
            </method>
          </methods>
          <lines>
            <line number="3" hits="1" branch="false"/>
            <line number="4" hits="197" branch="false"/>
            <line number="6" hits="747" branch="false"/>
            <line number="9" hits="57" branch="false"/>
            <line number="10" hits="219" branch="false"/>
            <line number="12" hits="57" branch="false"/>
          </lines>
        </class>
        <class name="success-message-builder.ts" filename="app/classes/board-model/handlers/success-message-builder.ts" line-rate="1" branch-rate="1">
          <methods>
            <method name="(anonymous_0)" hits="1124" signature="()V">
              <lines>
                <line number="4" hits="1124"/>
              </lines>
            </method>
          </methods>
          <lines>
            <line number="2" hits="1" branch="false"/>
            <line number="3" hits="1" branch="false"/>
            <line number="5" hits="1124" branch="false"/>
            <line number="13" hits="1124" branch="false"/>
          </lines>
        </class>
        <class name="word-history-constants.ts" filename="app/classes/board-model/handlers/word-history-constants.ts" line-rate="1" branch-rate="1">
          <methods>
          </methods>
          <lines>
            <line number="1" hits="1" branch="false"/>
          </lines>
        </class>
        <class name="word-history.ts" filename="app/classes/board-model/handlers/word-history.ts" line-rate="1" branch-rate="1">
          <methods>
            <method name="(anonymous_0)" hits="15" signature="()V">
              <lines>
                <line number="6" hits="15"/>
              </lines>
            </method>
            <method name="(anonymous_1)" hits="30" signature="()V">
              <lines>
                <line number="10" hits="30"/>
              </lines>
            </method>
            <method name="(anonymous_2)" hits="16" signature="()V">
              <lines>
                <line number="13" hits="16"/>
              </lines>
            </method>
          </methods>
          <lines>
            <line number="1" hits="1" branch="false"/>
            <line number="3" hits="1" branch="false"/>
            <line number="7" hits="15" branch="false"/>
            <line number="8" hits="15" branch="false"/>
            <line number="11" hits="30" branch="false"/>
            <line number="14" hits="16" branch="true" condition-coverage="100% (2/2)"/>
            <line number="15" hits="16" branch="false"/>
          </lines>
        </class>
        <class name="words-tracker.ts" filename="app/classes/board-model/handlers/words-tracker.ts" line-rate="1" branch-rate="0.7188">
          <methods>
            <method name="(anonymous_0)" hits="14" signature="()V">
              <lines>
                <line number="3" hits="14"/>
              </lines>
            </method>
            <method name="(anonymous_1)" hits="8" signature="()V">
              <lines>
                <line number="6" hits="8"/>
              </lines>
            </method>
            <method name="(anonymous_2)" hits="26" signature="()V">
              <lines>
                <line number="10" hits="26"/>
              </lines>
            </method>
            <method name="(anonymous_3)" hits="5" signature="()V">
              <lines>
                <line number="15" hits="5"/>
              </lines>
            </method>
            <method name="(anonymous_4)" hits="28" signature="()V">
              <lines>
                <line number="19" hits="28"/>
              </lines>
            </method>
            <method name="(anonymous_5)" hits="3" signature="()V">
              <lines>
                <line number="23" hits="3"/>
              </lines>
            </method>
            <method name="(anonymous_6)" hits="30" signature="()V">
              <lines>
                <line number="27" hits="30"/>
              </lines>
            </method>
            <method name="(anonymous_7)" hits="22" signature="()V">
              <lines>
                <line number="31" hits="22"/>
              </lines>
            </method>
          </methods>
          <lines>
            <line number="1" hits="1" branch="false"/>
            <line number="3" hits="1" branch="false"/>
            <line number="4" hits="14" branch="false"/>
            <line number="7" hits="8" branch="false"/>
            <line number="8" hits="8" branch="true" condition-coverage="75% (3/4)"/>
            <line number="11" hits="26" branch="true" condition-coverage="100% (2/2)"/>
            <line number="12" hits="14" branch="false"/>
            <line number="13" hits="14" branch="true" condition-coverage="75% (3/4)"/>
            <line number="16" hits="5" branch="true" condition-coverage="50% (1/2)"/>
            <line number="17" hits="5" branch="false"/>
            <line number="20" hits="28" branch="true" condition-coverage="50% (1/2)"/>
            <line number="21" hits="28" branch="true" condition-coverage="75% (3/4)"/>
            <line number="24" hits="3" branch="true" condition-coverage="50% (1/2)"/>
            <line number="25" hits="3" branch="true" condition-coverage="75% (3/4)"/>
            <line number="28" hits="30" branch="true" condition-coverage="50% (1/2)"/>
            <line number="29" hits="30" branch="true" condition-coverage="75% (3/4)"/>
            <line number="32" hits="22" branch="true" condition-coverage="100% (2/2)"/>
          </lines>
        </class>
      </classes>
    </package>
    <package name="classes.board-model.nodes" line-rate="1" branch-rate="0.9125">
      <classes>
        <class name="board-node.ts" filename="app/classes/board-model/nodes/board-node.ts" line-rate="1" branch-rate="0.9">
          <methods>
            <method name="(anonymous_0)" hits="45233" signature="()V">
              <lines>
                <line number="16" hits="45233"/>
              </lines>
            </method>
            <method name="(anonymous_1)" hits="219" signature="()V">
              <lines>
                <line number="27" hits="219"/>
              </lines>
            </method>
            <method name="(anonymous_2)" hits="451" signature="()V">
              <lines>
                <line number="31" hits="451"/>
              </lines>
            </method>
            <method name="(anonymous_3)" hits="316" signature="()V">
              <lines>
                <line number="34" hits="316"/>
              </lines>
            </method>
            <method name="(anonymous_4)" hits="16430" signature="()V">
              <lines>
                <line number="42" hits="16430"/>
              </lines>
            </method>
            <method name="(anonymous_5)" hits="7487" signature="()V">
              <lines>
                <line number="45" hits="7487"/>
              </lines>
            </method>
            <method name="(anonymous_6)" hits="3231" signature="()V">
              <lines>
                <line number="57" hits="3231"/>
              </lines>
            </method>
            <method name="(anonymous_7)" hits="748" signature="()V">
              <lines>
                <line number="73" hits="748"/>
              </lines>
            </method>
            <method name="(anonymous_8)" hits="526" signature="()V">
              <lines>
                <line number="79" hits="526"/>
              </lines>
            </method>
            <method name="(anonymous_9)" hits="206" signature="()V">
              <lines>
                <line number="83" hits="206"/>
              </lines>
            </method>
            <method name="(anonymous_10)" hits="467" signature="()V">
              <lines>
                <line number="85" hits="467"/>
              </lines>
            </method>
            <method name="(anonymous_11)" hits="6072" signature="()V">
              <lines>
                <line number="92" hits="6072"/>
              </lines>
            </method>
            <method name="(anonymous_12)" hits="3476" signature="()V">
              <lines>
                <line number="98" hits="3476"/>
              </lines>
            </method>
            <method name="(anonymous_13)" hits="1486" signature="()V">
              <lines>
                <line number="100" hits="1486"/>
              </lines>
            </method>
            <method name="(anonymous_14)" hits="934" signature="()V">
              <lines>
                <line number="103" hits="934"/>
              </lines>
            </method>
            <method name="(anonymous_15)" hits="748" signature="()V">
              <lines>
                <line number="106" hits="748"/>
              </lines>
            </method>
            <method name="(anonymous_16)" hits="3228" signature="()V">
              <lines>
                <line number="114" hits="3228"/>
              </lines>
            </method>
          </methods>
          <lines>
            <line number="1" hits="1" branch="false"/>
            <line number="2" hits="1" branch="false"/>
            <line number="4" hits="1" branch="false"/>
            <line number="7" hits="1" branch="false"/>
            <line number="17" hits="45233" branch="false"/>
            <line number="18" hits="45233" branch="false"/>
            <line number="19" hits="45233" branch="false"/>
            <line number="20" hits="45233" branch="false"/>
            <line number="21" hits="45233" branch="false"/>
            <line number="22" hits="45233" branch="false"/>
            <line number="23" hits="45233" branch="false"/>
            <line number="24" hits="45233" branch="true" condition-coverage="100% (2/2)"/>
            <line number="25" hits="44476" branch="false"/>
            <line number="28" hits="219" branch="true" condition-coverage="75% (3/4)"/>
            <line number="29" hits="219" branch="false"/>
            <line number="32" hits="451" branch="false"/>
            <line number="35" hits="316" branch="false"/>
            <line number="36" hits="930" branch="true" condition-coverage="100% (2/2)"/>
            <line number="37" hits="615" branch="true" condition-coverage="80% (8/10)"/>
            <line number="40" hits="284" branch="false"/>
            <line number="43" hits="16430" branch="true" condition-coverage="100% (4/4)"/>
            <line number="46" hits="7487" branch="false"/>
            <line number="48" hits="2631" branch="false"/>
            <line number="50" hits="1330" branch="false"/>
            <line number="52" hits="1330" branch="false"/>
            <line number="54" hits="2196" branch="false"/>
            <line number="58" hits="3231" branch="true" condition-coverage="100% (2/2)"/>
            <line number="59" hits="3230" branch="true" condition-coverage="100% (2/2)"/>
            <line number="60" hits="3229" branch="false"/>
            <line number="61" hits="3229" branch="true" condition-coverage="100% (4/4)"/>
            <line number="62" hits="3228" branch="false"/>
            <line number="63" hits="3228" branch="true" condition-coverage="100% (4/4)"/>
            <line number="64" hits="1614" branch="false"/>
            <line number="66" hits="1614" branch="false"/>
            <line number="67" hits="1614" branch="false"/>
            <line number="69" hits="1614" branch="false"/>
            <line number="71" hits="3228" branch="false"/>
            <line number="74" hits="748" branch="false"/>
            <line number="75" hits="748" branch="false"/>
            <line number="76" hits="748" branch="false"/>
            <line number="77" hits="748" branch="false"/>
            <line number="80" hits="526" branch="false"/>
            <line number="84" hits="206" branch="false"/>
            <line number="85" hits="206" branch="false"/>
            <line number="86" hits="467" branch="true" condition-coverage="50% (1/2)"/>
            <line number="87" hits="467" branch="true" condition-coverage="100% (4/4)"/>
            <line number="89" hits="206" branch="false"/>
            <line number="93" hits="6072" branch="true" condition-coverage="100% (4/4)"/>
            <line number="94" hits="2090" branch="true" condition-coverage="50% (1/2)"/>
            <line number="95" hits="2090" branch="false"/>
            <line number="96" hits="2090" branch="false"/>
            <line number="97" hits="2090" branch="false"/>
            <line number="98" hits="3476" branch="false"/>
            <line number="101" hits="1486" branch="false"/>
            <line number="104" hits="934" branch="false"/>
            <line number="107" hits="748" branch="false"/>
            <line number="108" hits="748" branch="false"/>
            <line number="109" hits="748" branch="false"/>
            <line number="110" hits="748" branch="false"/>
            <line number="111" hits="748" branch="false"/>
            <line number="112" hits="748" branch="false"/>
            <line number="115" hits="3228" branch="false"/>
          </lines>
        </class>
        <class name="node-link.ts" filename="app/classes/board-model/nodes/node-link.ts" line-rate="1" branch-rate="0.8889">
          <methods>
            <method name="(anonymous_0)" hits="1615" signature="()V">
              <lines>
                <line number="10" hits="1615"/>
              </lines>
            </method>
            <method name="(anonymous_1)" hits="1991" signature="()V">
              <lines>
                <line number="15" hits="1991"/>
              </lines>
            </method>
            <method name="(anonymous_2)" hits="1320" signature="()V">
              <lines>
                <line number="20" hits="1320"/>
              </lines>
            </method>
            <method name="(anonymous_3)" hits="2090" signature="()V">
              <lines>
                <line number="23" hits="2090"/>
              </lines>
            </method>
            <method name="(anonymous_4)" hits="10912" signature="()V">
              <lines>
                <line number="26" hits="10912"/>
              </lines>
            </method>
            <method name="(anonymous_5)" hits="1614" signature="()V">
              <lines>
                <line number="36" hits="1614"/>
              </lines>
            </method>
            <method name="(anonymous_6)" hits="1615" signature="()V">
              <lines>
                <line number="39" hits="1615"/>
              </lines>
            </method>
          </methods>
          <lines>
            <line number="1" hits="1" branch="false"/>
            <line number="5" hits="1" branch="false"/>
            <line number="9" hits="1615" branch="false"/>
            <line number="11" hits="1615" branch="false"/>
            <line number="12" hits="1615" branch="false"/>
            <line number="13" hits="1615" branch="false"/>
            <line number="16" hits="1991" branch="true" condition-coverage="50% (1/2)"/>
            <line number="17" hits="1991" branch="false"/>
            <line number="18" hits="1991" branch="false"/>
            <line number="21" hits="1320" branch="false"/>
            <line number="24" hits="2090" branch="false"/>
            <line number="27" hits="10912" branch="false"/>
            <line number="29" hits="9251" branch="false"/>
            <line number="31" hits="1660" branch="false"/>
            <line number="33" hits="1" branch="false"/>
            <line number="37" hits="1614" branch="true" condition-coverage="100% (2/2)"/>
            <line number="40" hits="1615" branch="false"/>
            <line number="42" hits="809" branch="false"/>
            <line number="43" hits="809" branch="false"/>
            <line number="45" hits="806" branch="false"/>
            <line number="46" hits="806" branch="false"/>
          </lines>
        </class>
        <class name="node-stream.ts" filename="app/classes/board-model/nodes/node-stream.ts" line-rate="1" branch-rate="0.9523999999999999">
          <methods>
            <method name="(anonymous_0)" hits="2144" signature="()V">
              <lines>
                <line number="9" hits="2144"/>
              </lines>
            </method>
            <method name="(anonymous_1)" hits="13" signature="()V">
              <lines>
                <line number="16" hits="13"/>
              </lines>
            </method>
            <method name="(anonymous_2)" hits="3260" signature="()V">
              <lines>
                <line number="26" hits="3260"/>
              </lines>
            </method>
            <method name="(anonymous_3)" hits="2168" signature="()V">
              <lines>
                <line number="32" hits="2168"/>
              </lines>
            </method>
            <method name="(anonymous_4)" hits="24" signature="()V">
              <lines>
                <line number="39" hits="24"/>
              </lines>
            </method>
            <method name="(anonymous_5)" hits="941" signature="()V">
              <lines>
                <line number="43" hits="941"/>
              </lines>
            </method>
            <method name="(anonymous_6)" hits="1113" signature="()V">
              <lines>
                <line number="60" hits="1113"/>
              </lines>
            </method>
            <method name="(anonymous_7)" hits="1923" signature="()V">
              <lines>
                <line number="68" hits="1923"/>
              </lines>
            </method>
            <method name="(anonymous_8)" hits="4336" signature="()V">
              <lines>
                <line number="84" hits="4336"/>
              </lines>
            </method>
            <method name="(anonymous_9)" hits="2168" signature="()V">
              <lines>
                <line number="91" hits="2168"/>
              </lines>
            </method>
          </methods>
          <lines>
            <line number="1" hits="1" branch="false"/>
            <line number="2" hits="1" branch="false"/>
            <line number="4" hits="1" branch="false"/>
            <line number="10" hits="2144" branch="false"/>
            <line number="11" hits="2144" branch="false"/>
            <line number="12" hits="2144" branch="false"/>
            <line number="13" hits="2144" branch="false"/>
            <line number="14" hits="2144" branch="false"/>
            <line number="17" hits="13" branch="false"/>
            <line number="19" hits="6" branch="false"/>
            <line number="21" hits="6" branch="false"/>
            <line number="23" hits="1" branch="false"/>
            <line number="27" hits="3260" branch="true" condition-coverage="100% (2/2)"/>
            <line number="28" hits="1337" branch="false"/>
            <line number="30" hits="1923" branch="false"/>
            <line number="33" hits="2168" branch="true" condition-coverage="100% (2/2)"/>
            <line number="34" hits="866" branch="false"/>
            <line number="35" hits="866" branch="false"/>
            <line number="37" hits="1302" branch="false"/>
            <line number="40" hits="24" branch="false"/>
            <line number="41" hits="24" branch="false"/>
            <line number="44" hits="941" branch="false"/>
            <line number="45" hits="941" branch="true" condition-coverage="100% (2/2)"/>
            <line number="46" hits="174" branch="false"/>
            <line number="47" hits="174" branch="false"/>
            <line number="49" hits="174" branch="false"/>
            <line number="50" hits="891" branch="true" condition-coverage="50% (1/2)"/>
            <line number="51" hits="891" branch="true" condition-coverage="100% (2/2)"/>
            <line number="52" hits="139" branch="false"/>
            <line number="53" hits="139" branch="false"/>
            <line number="54" hits="752" branch="false"/>
            <line number="55" hits="891" branch="false"/>
            <line number="56" hits="891" branch="true" condition-coverage="100% (2/2)"/>
            <line number="58" hits="174" branch="false"/>
            <line number="61" hits="1113" branch="false"/>
            <line number="62" hits="1113" branch="false"/>
            <line number="63" hits="1113" branch="false"/>
            <line number="64" hits="2021" branch="false"/>
            <line number="66" hits="1113" branch="false"/>
            <line number="69" hits="1923" branch="false"/>
            <line number="71" hits="77" branch="false"/>
            <line number="72" hits="77" branch="false"/>
            <line number="74" hits="557" branch="false"/>
            <line number="75" hits="557" branch="false"/>
            <line number="77" hits="337" branch="false"/>
            <line number="78" hits="337" branch="false"/>
            <line number="80" hits="952" branch="false"/>
            <line number="81" hits="952" branch="false"/>
            <line number="85" hits="4336" branch="false"/>
            <line number="86" hits="4336" branch="true" condition-coverage="100% (2/2)"/>
            <line number="87" hits="1923" branch="false"/>
            <line number="88" hits="1923" branch="false"/>
            <line number="92" hits="2168" branch="false"/>
            <line number="93" hits="2168" branch="false"/>
            <line number="94" hits="2168" branch="false"/>
          </lines>
        </class>
      </classes>
    </package>
    <package name="classes.board-model.validators" line-rate="1" branch-rate="1">
      <classes>
        <class name="rules-validator.ts" filename="app/classes/board-model/validators/rules-validator.ts" line-rate="1" branch-rate="1">
          <methods>
            <method name="(anonymous_0)" hits="200" signature="()V">
              <lines>
                <line number="11" hits="200"/>
              </lines>
            </method>
            <method name="(anonymous_1)" hits="318" signature="()V">
              <lines>
                <line number="14" hits="318"/>
              </lines>
            </method>
            <method name="(anonymous_2)" hits="73" signature="()V">
              <lines>
                <line number="19" hits="73"/>
              </lines>
            </method>
            <method name="(anonymous_3)" hits="749" signature="()V">
              <lines>
                <line number="22" hits="749"/>
              </lines>
            </method>
            <method name="(anonymous_4)" hits="747" signature="()V">
              <lines>
                <line number="39" hits="747"/>
              </lines>
            </method>
[...]
            <method name="(anonymous_14)" hits="5" signature="()V">
              <lines>
                <line number="74" hits="5"/>
              </lines>
            </method>
            <method name="(anonymous_15)" hits="8" signature="()V">
              <lines>
                <line number="78" hits="8"/>
              </lines>
            </method>
            <method name="(anonymous_16)" hits="2" signature="()V">
              <lines>
                <line number="85" hits="2"/>
              </lines>
            </method>
            <method name="(anonymous_17)" hits="0" signature="()V">
              <lines>
                <line number="94" hits="0"/>
              </lines>
            </method>
            <method name="(anonymous_18)" hits="4" signature="()V">
              <lines>
                <line number="102" hits="4"/>
              </lines>
            </method>
            <method name="(anonymous_19)" hits="1" signature="()V">
              <lines>
                <line number="113" hits="1"/>
              </lines>
            </method>
            <method name="(anonymous_20)" hits="8" signature="()V">
              <lines>
                <line number="125" hits="8"/>
              </lines>
            </method>
            <method name="(anonymous_21)" hits="7" signature="()V">
              <lines>
                <line number="132" hits="7"/>
              </lines>
            </method>
            <method name="(anonymous_22)" hits="5" signature="()V">
              <lines>
                <line number="149" hits="5"/>
              </lines>
            </method>
            <method name="(anonymous_23)" hits="7" signature="()V">
              <lines>
                <line number="163" hits="7"/>
              </lines>
            </method>
          </methods>
          <lines>
            <line number="3" hits="1" branch="false"/>
            <line number="4" hits="1" branch="false"/>
            <line number="7" hits="1" branch="false"/>
            <line number="18" hits="1" branch="false"/>
            <line number="21" hits="8" branch="false"/>
            <line number="22" hits="8" branch="false"/>
            <line number="23" hits="8" branch="false"/>
            <line number="24" hits="8" branch="false"/>
            <line number="25" hits="8" branch="false"/>
            <line number="26" hits="8" branch="false"/>
            <line number="28" hits="8" branch="false"/>
            <line number="44" hits="3" branch="true" condition-coverage="100% (2/2)"/>
            <line number="45" hits="2" branch="false"/>
            <line number="46" hits="2" branch="true" condition-coverage="100% (2/2)"/>
            <line number="47" hits="1" branch="false"/>
            <line number="48" hits="1" branch="false"/>
            <line number="49" hits="1" branch="false"/>
            <line number="50" hits="1" branch="false"/>
            <line number="51" hits="1" branch="false"/>
            <line number="52" hits="1" branch="false"/>
            <line number="53" hits="1" branch="false"/>
            <line number="54" hits="1" branch="false"/>
            <line number="60" hits="28" branch="false"/>
            <line number="63" hits="14" branch="false"/>
            <line number="66" hits="7" branch="false"/>
            <line number="69" hits="1" branch="false"/>
            <line number="72" hits="12" branch="false"/>
            <line number="75" hits="5" branch="false"/>
            <line number="79" hits="8" branch="false"/>
            <line number="80" hits="8" branch="false"/>
            <line number="81" hits="8" branch="true" condition-coverage="100% (2/2)"/>
            <line number="82" hits="3" branch="true" condition-coverage="100% (2/2)"/>
            <line number="83" hits="1" branch="false"/>
            <line number="85" hits="2" branch="false"/>
            <line number="86" hits="2" branch="false"/>
            <line number="87" hits="2" branch="true" condition-coverage="50% (1/2)"/>
            <line number="88" hits="2" branch="true" condition-coverage="50% (1/2)"/>
            <line number="90" hits="2" branch="true" condition-coverage="50% (1/2)"/>
            <line number="91" hits="2" branch="false"/>
            <line number="93" hits="2" branch="false"/>
            <line number="94" hits="2" branch="false"/>
            <line number="95" hits="0" branch="false"/>
            <line number="97" hits="2" branch="false"/>
            <line number="98" hits="2" branch="false"/>
            <line number="99" hits="2" branch="false"/>
            <line number="102" hits="4" branch="false"/>
            <line number="104" hits="2" branch="false"/>
            <line number="106" hits="2" branch="false"/>
            <line number="107" hits="2" branch="false"/>
            <line number="110" hits="3" branch="false"/>
            <line number="114" hits="1" branch="true" condition-coverage="50% (1/2)"/>
            <line number="115" hits="1" branch="false"/>
            <line number="116" hits="1" branch="true" condition-coverage="50% (1/2)"/>
            <line number="117" hits="1" branch="false"/>
            <line number="118" hits="1" branch="true" condition-coverage="50% (1/2)"/>
            <line number="120" hits="1" branch="false"/>
            <line number="121" hits="1" branch="false"/>
            <line number="122" hits="1" branch="false"/>
            <line number="126" hits="8" branch="false"/>
            <line number="127" hits="4" branch="true" condition-coverage="50% (1/2)"/>
            <line number="129" hits="8" branch="false"/>
            <line number="133" hits="7" branch="true" condition-coverage="100% (2/2)"/>
            <line number="134" hits="6" branch="true" condition-coverage="50% (1/2)"/>
            <line number="136" hits="6" branch="false"/>
            <line number="141" hits="6" branch="false"/>
            <line number="146" hits="6" branch="false"/>
            <line number="150" hits="5" branch="false"/>
            <line number="151" hits="5" branch="false"/>
            <line number="152" hits="10" branch="true" condition-coverage="100% (4/4)"/>
            <line number="153" hits="8" branch="false"/>
            <line number="160" hits="8" branch="false"/>
            <line number="164" hits="7" branch="false"/>
            <line number="174" hits="6" branch="false"/>
          </lines>
        </class>
        <class name="socket-manager.service.ts" filename="app/services/socket-manager.service.ts" line-rate="1" branch-rate="1">
          <methods>
            <method name="(anonymous_7)" hits="1" signature="()V">
              <lines>
                <line number="22" hits="1"/>
              </lines>
            </method>
            <method name="(anonymous_8)" hits="1" signature="()V">
              <lines>
                <line number="56" hits="1"/>
              </lines>
            </method>
            <method name="(anonymous_9)" hits="4" signature="()V">
              <lines>
                <line number="57" hits="4"/>
              </lines>
            </method>
            <method name="(anonymous_10)" hits="4" signature="()V">
              <lines>
                <line number="58" hits="4"/>
              </lines>
            </method>
            <method name="(anonymous_11)" hits="1" signature="()V">
              <lines>
                <line number="62" hits="1"/>
              </lines>
            </method>
            <method name="(anonymous_12)" hits="1" signature="()V">
              <lines>
                <line number="66" hits="1"/>
              </lines>
            </method>
            <method name="(anonymous_13)" hits="1" signature="()V">
              <lines>
                <line number="70" hits="1"/>
              </lines>
            </method>
            <method name="(anonymous_14)" hits="1" signature="()V">
              <lines>
                <line number="74" hits="1"/>
              </lines>
            </method>
            <method name="(anonymous_15)" hits="1" signature="()V">
              <lines>
                <line number="78" hits="1"/>
              </lines>
            </method>
            <method name="(anonymous_16)" hits="1" signature="()V">
              <lines>
                <line number="82" hits="1"/>
              </lines>
            </method>
            <method name="(anonymous_17)" hits="1" signature="()V">
              <lines>
                <line number="86" hits="1"/>
              </lines>
            </method>
            <method name="(anonymous_18)" hits="1" signature="()V">
              <lines>
                <line number="90" hits="1"/>
              </lines>
            </method>
            <method name="(anonymous_19)" hits="1" signature="()V">
              <lines>
                <line number="94" hits="1"/>
              </lines>
            </method>
            <method name="(anonymous_20)" hits="1" signature="()V">
              <lines>
                <line number="98" hits="1"/>
              </lines>
            </method>
            <method name="(anonymous_21)" hits="1" signature="()V">
              <lines>
                <line number="102" hits="1"/>
              </lines>
            </method>
            <method name="(anonymous_22)" hits="1" signature="()V">
              <lines>
                <line number="106" hits="1"/>
              </lines>
            </method>
            <method name="(anonymous_23)" hits="1" signature="()V">
              <lines>
                <line number="110" hits="1"/>
              </lines>
            </method>
            <method name="(anonymous_24)" hits="1" signature="()V">
              <lines>
                <line number="114" hits="1"/>
              </lines>
            </method>
            <method name="(anonymous_25)" hits="1" signature="()V">
              <lines>
                <line number="118" hits="1"/>
              </lines>
            </method>
            <method name="(anonymous_26)" hits="1" signature="()V">
              <lines>
                <line number="122" hits="1"/>
              </lines>
            </method>
            <method name="(anonymous_27)" hits="1" signature="()V">
              <lines>
                <line number="126" hits="1"/>
              </lines>
            </method>
            <method name="(anonymous_28)" hits="1" signature="()V">
              <lines>
                <line number="130" hits="1"/>
              </lines>
            </method>
            <method name="(anonymous_29)" hits="1" signature="()V">
              <lines>
                <line number="130" hits="1"/>
              </lines>
            </method>
            <method name="(anonymous_30)" hits="1" signature="()V">
              <lines>
                <line number="134" hits="1"/>
              </lines>
            </method>
          </methods>
          <lines>
            <line number="2" hits="1" branch="false"/>
            <line number="5" hits="1" branch="false"/>
            <line number="6" hits="1" branch="false"/>
            <line number="7" hits="1" branch="false"/>
            <line number="9" hits="1" branch="false"/>
            <line number="11" hits="1" branch="false"/>
            <line number="12" hits="1" branch="false"/>
            <line number="13" hits="1" branch="false"/>
            <line number="15" hits="1" branch="false"/>
            <line number="22" hits="1" branch="false"/>
            <line number="23" hits="1" branch="false"/>
            <line number="24" hits="1" branch="false"/>
            <line number="25" hits="1" branch="false"/>
            <line number="26" hits="1" branch="false"/>
            <line number="28" hits="1" branch="false"/>
            <line number="36" hits="1" branch="false"/>
            <line number="44" hits="1" branch="false"/>
            <line number="53" hits="1" branch="false"/>
            <line number="57" hits="1" branch="false"/>
            <line number="58" hits="4" branch="false"/>
            <line number="59" hits="4" branch="false"/>
            <line number="62" hits="4" branch="false"/>
            <line number="63" hits="1" branch="false"/>
            <line number="66" hits="4" branch="false"/>
            <line number="67" hits="1" branch="false"/>
            <line number="70" hits="4" branch="false"/>
            <line number="71" hits="1" branch="false"/>
            <line number="74" hits="4" branch="false"/>
            <line number="75" hits="1" branch="false"/>
            <line number="78" hits="4" branch="false"/>
            <line number="79" hits="1" branch="false"/>
            <line number="82" hits="4" branch="false"/>
            <line number="83" hits="1" branch="false"/>
            <line number="86" hits="4" branch="false"/>
            <line number="87" hits="1" branch="false"/>
            <line number="90" hits="4" branch="false"/>
            <line number="91" hits="1" branch="false"/>
            <line number="94" hits="4" branch="false"/>
            <line number="95" hits="1" branch="false"/>
            <line number="98" hits="4" branch="false"/>
            <line number="99" hits="1" branch="false"/>
            <line number="102" hits="4" branch="false"/>
            <line number="103" hits="1" branch="false"/>
            <line number="106" hits="4" branch="false"/>
            <line number="107" hits="1" branch="false"/>
            <line number="110" hits="4" branch="false"/>
            <line number="111" hits="1" branch="false"/>
            <line number="114" hits="4" branch="false"/>
            <line number="115" hits="1" branch="false"/>
            <line number="118" hits="4" branch="false"/>
            <line number="119" hits="1" branch="false"/>
            <line number="122" hits="4" branch="false"/>
            <line number="123" hits="1" branch="false"/>
            <line number="126" hits="4" branch="false"/>
            <line number="127" hits="1" branch="false"/>
            <line number="130" hits="4" branch="false"/>
            <line number="131" hits="1" branch="false"/>
            <line number="134" hits="4" branch="false"/>
            <line number="135" hits="1" branch="false"/>
          </lines>
        </class>
        <class name="socket-room.service.ts" filename="app/services/socket-room.service.ts" line-rate="1" branch-rate="0.75">
          <methods>
            <method name="(anonymous_0)" hits="3" signature="()V">
              <lines>
                <line number="8" hits="3"/>
              </lines>
            </method>
            <method name="(anonymous_1)" hits="3" signature="()V">
              <lines>
                <line number="16" hits="3"/>
              </lines>
            </method>
            <method name="(anonymous_2)" hits="2" signature="()V">
              <lines>
                <line number="29" hits="2"/>
              </lines>
            </method>
            <method name="(anonymous_3)" hits="2" signature="()V">
              <lines>
                <line number="37" hits="2"/>
              </lines>
            </method>
            <method name="(anonymous_4)" hits="3" signature="()V">
              <lines>
                <line number="44" hits="3"/>
              </lines>
            </method>
            <method name="(anonymous_5)" hits="1" signature="()V">
              <lines>
                <line number="57" hits="1"/>
              </lines>
            </method>
            <method name="(anonymous_6)" hits="4" signature="()V">
              <lines>
                <line number="62" hits="4"/>
              </lines>
            </method>
            <method name="(anonymous_7)" hits="2" signature="()V">
              <lines>
                <line number="78" hits="2"/>
              </lines>
            </method>
            <method name="(anonymous_8)" hits="2" signature="()V">
              <lines>
                <line number="84" hits="2"/>
              </lines>
            </method>
            <method name="(anonymous_9)" hits="1" signature="()V">
              <lines>
                <line number="90" hits="1"/>
              </lines>
            </method>
          </methods>
          <lines>
            <line number="1" hits="1" branch="false"/>
            <line number="3" hits="1" branch="false"/>
            <line number="5" hits="1" branch="false"/>
            <line number="7" hits="1" branch="false"/>
            <line number="9" hits="3" branch="true" condition-coverage="100% (2/2)"/>
            <line number="10" hits="2" branch="true" condition-coverage="100% (2/2)"/>
            <line number="11" hits="1" branch="false"/>
            <line number="12" hits="1" branch="false"/>
            <line number="13" hits="1" branch="false"/>
            <line number="17" hits="3" branch="true" condition-coverage="100% (2/2)"/>
            <line number="18" hits="2" branch="false"/>
            <line number="19" hits="2" branch="true" condition-coverage="100% (2/2)"/>
            <line number="20" hits="1" branch="true" condition-coverage="50% (1/2)"/>
            <line number="21" hits="1" branch="false"/>
            <line number="22" hits="1" branch="false"/>
            <line number="23" hits="1" branch="false"/>
            <line number="24" hits="1" branch="false"/>
            <line number="25" hits="1" branch="false"/>
            <line number="30" hits="2" branch="true" condition-coverage="100% (2/2)"/>
            <line number="31" hits="1" branch="false"/>
            <line number="32" hits="1" branch="false"/>
            <line number="33" hits="1" branch="false"/>
            <line number="34" hits="1" branch="false"/>
            <line number="38" hits="2" branch="true" condition-coverage="50% (1/2)"/>
            <line number="39" hits="2" branch="false"/>
            <line number="40" hits="2" branch="false"/>
            <line number="41" hits="2" branch="false"/>
            <line number="45" hits="3" branch="true" condition-coverage="50% (1/2)"/>
            <line number="46" hits="3" branch="false"/>
            <line number="48" hits="3" branch="false"/>
            <line number="49" hits="3" branch="true" condition-coverage="50% (1/2)"/>
            <line number="50" hits="3" branch="false"/>
            <line number="51" hits="3" branch="true" condition-coverage="50% (1/2)"/>
            <line number="52" hits="3" branch="false"/>
            <line number="53" hits="3" branch="false"/>
            <line number="54" hits="3" branch="false"/>
            <line number="58" hits="1" branch="false"/>
            <line number="59" hits="1" branch="false"/>
            <line number="63" hits="4" branch="true" condition-coverage="100% (2/2)"/>
            <line number="64" hits="3" branch="false"/>
            <line number="65" hits="3" branch="false"/>
            <line number="66" hits="3" branch="true" condition-coverage="50% (1/2)"/>
            <line number="67" hits="3" branch="false"/>
            <line number="69" hits="3" branch="false"/>
            <line number="70" hits="3" branch="false"/>
            <line number="71" hits="3" branch="false"/>
            <line number="72" hits="3" branch="false"/>
            <line number="73" hits="3" branch="false"/>
            <line number="75" hits="3" branch="false"/>
            <line number="79" hits="2" branch="true" condition-coverage="50% (1/2)"/>
            <line number="80" hits="2" branch="true" condition-coverage="100% (2/2)"/>
            <line number="81" hits="1" branch="false"/>
            <line number="85" hits="2" branch="true" condition-coverage="100% (2/2)"/>
            <line number="86" hits="1" branch="true" condition-coverage="50% (1/2)"/>
            <line number="87" hits="1" branch="false"/>
            <line number="91" hits="1" branch="false"/>
          </lines>
        </class>
      </classes>
    </package>
  </packages>
</coverage>
